<?xml version="1.0" encoding="UTF-8"?>
<testsuite name="AppTest" tests="1" skipped="0" failures="0" errors="0" timestamp="2017-09-24T08:33:52" hostname="ip-172-31-28-77" time="0.014">
  <properties/>
  <testcase name="testAppHasAGreeting" classname="AppTest" time="0.014"/>
  <system-out><![CDATA[]]></system-out>
  <system-err><![CDATA[]]></system-err>
</testsuite>
